<?xml version="1.0" encoding="UTF-8"?>
<testsuite xmlns:xsi="http://www.w3.org/2001/XMLSchema-instance" xsi:noNamespaceSchemaLocation="https://maven.apache.org/surefire/maven-surefire-plugin/xsd/surefire-test-report-3.0.xsd" version="3.0" name="FullscreenTest" time="98.487" tests="1" errors="0" skipped="0" failures="0">
  <properties>
[...]
</properties>
  <testcase name="authViewCookie" classname="FullscreenTest" time="97.859">
    <system-out><![CDATA[&amp#27;[37m[22:24:02.908] | INFO  | main                             | FullscreenTest                   | Start driver
&amp#27;[m&amp#27;[37m[22:24:33.566] | INFO  | main                             | FullscreenTest                   | Button sign in is visibility. Continue the test
&amp#27;[m&amp#27;[37m[22:24:44.929] | INFO  | main                             | FullscreenTest                   | Check authorization popup status. Continue the test
&amp#27;[m&amp#27;[37m[22:25:19.155] | INFO  | main                             | FullscreenTest                   | Enter authorization data. Continue the test
&amp#27;[m&amp#27;[37m[22:25:21.005] | INFO  | main                             | FullscreenTest                   | Check successful auth. Continue the test
&amp#27;[m&amp#27;[37m[22:25:28.352] | INFO  | main                             | FullscreenTest                   | Cookies[auth_token_expires=1800300327; expires=сб, 22 февр. 2025 10:25:27 MSK; path=/; domain=.otus.ru; sameSite=Lax, tmr_detect=0%7C1705692287699; expires=сб, 20 янв. 2024 10:24:47 MSK; path=/; domain=otus.ru; sameSite=Lax, advcake_track_id=9b0df398-52b3-a93b-accd-758b320dc0e6; expires=вс, 18 февр. 2024 10:24:17 MSK; path=/; domain=.otus.ru;secure;; sameSite=None, oid=f01d16037831d44c488278b644b8a525; expires=сб, 22 февр. 2025 10:25:27 MSK; path=/; domain=.otus.ru; sameSite=Lax, sessionid=2hbe08xaue5b16a8r0u2o59nirycmwzn; expires=чт, 18 апр. 2024 10:25:26 MSK; path=/; domain=otus.ru;secure;; sameSite=Lax, _ym_d=1705692263; expires=сб, 18 янв. 2025 10:24:23 MSK; path=/; domain=.otus.ru;secure;; sameSite=None, _tt_enable_cookie=1; expires=ср, 12 февр. 2025 10:24:30 MSK; path=/; domain=.otus.ru; sameSite=Lax, _ym_visorc=b; expires=пт, 19 янв. 2024 10:54:48 MSK; path=/; domain=.otus.ru;secure;; sameSite=None, tmr_lvid=a99da6e9acfea8a4eb89d442ab94a843; expires=вт, 17 дек. 2024 10:24:17 MSK; path=/; domain=.otus.ru; sameSite=Lax, utm=utm_source%3Dtypein%26utm_medium%3Ddirect; expires=сб, 22 февр. 2025 10:25:27 MSK; path=/; domain=.otus.ru; sameSite=Lax, tmr_lvidTS=1705692257853; expires=вт, 17 дек. 2024 10:24:17 MSK; path=/; domain=.otus.ru; sameSite=Lax, _ym_uid=1705692263498391334; expires=сб, 18 янв. 2025 10:24:23 MSK; path=/; domain=.otus.ru;secure;; sameSite=None, _ym_isad=2; expires=сб, 20 янв. 2024 06:24:29 MSK; path=/; domain=.otus.ru;secure;; sameSite=None, _ga=GA1.1.199103662.1705692266; expires=сб, 22 февр. 2025 10:24:26 MSK; path=/; domain=.otus.ru; sameSite=Lax, _ga_N2GWLW9R5Z=GS1.1.1705692261.1.0.1705692261.60.0.0; expires=сб, 22 февр. 2025 10:24:26 MSK; path=/; domain=.otus.ru; sameSite=Lax, auth_token=I4b7tr5o5fI3s8bwJFM1OQ; expires=сб, 22 февр. 2025 10:25:27 MSK; path=/; domain=.otus.ru; sameSite=Lax, _ttp=602Luc_D1PO_ZArho044k0YcX-9; expires=ср, 12 февр. 2025 10:24:30 MSK; path=/; domain=.otus.ru; sameSite=Lax, advcake_session_id=da72bf38-702b-3816-4567-7c59c583cbcc; expires=вс, 18 февр. 2024 10:24:17 MSK; path=/; domain=.otus.ru;secure;; sameSite=None]
&amp#27;[m&amp#27;[37m[22:25:28.516] | INFO  | main                             | FullscreenTest                   | Stop driver
&amp#27;[m]]></system-out>
    <system-err><![CDATA[SLF4J: No SLF4J providers were found.
SLF4J: Defaulting to no-operation (NOP) logger implementation
SLF4J: See https://www.slf4j.org/codes.html#noProviders for further details.
]]></system-err>
  </testcase>
</testsuite>