<?xml version="1.0" encoding="UTF-8"?>
<testsuite xmlns:xsi="http://www.w3.org/2001/XMLSchema-instance" xsi:noNamespaceSchemaLocation="https://maven.apache.org/surefire/maven-surefire-plugin/xsd/surefire-test-report-3.0.xsd" version="3.0" name="KioskTest" time="16.683" tests="1" errors="0" skipped="0" failures="0">
  <properties>
[...]
</properties>
  <testcase name="modalWindowOpen" classname="KioskTest" time="16.196">
    <system-out><![CDATA[&amp#27;[37m[23:42:30.493] | INFO  | main                             | KioskTest                        | Start driver
&amp#27;[m&amp#27;[37m[23:42:33.424] | INFO  | main                             | KioskTest                        | Image is visibility
&amp#27;[m&amp#27;[37m[23:42:34.685] | INFO  | main                             | KioskTest                        | Stop driver
&amp#27;[m]]></system-out>
    <system-err><![CDATA[SLF4J: No SLF4J providers were found.
SLF4J: Defaulting to no-operation (NOP) logger implementation
SLF4J: See https://www.slf4j.org/codes.html#noProviders for further details.
]]></system-err>
  </testcase>
</testsuite>